Main Menu:
  1.Display Items
  2.Purchase Items
  3.Save and Exit
Administrator-Only Menu:
  4.Add Item
  5.Remove Item
  6.Display Coins
  7.Reset Stock
  8.Reset Coins
  9.Abort Program
Or enter 'e' to enable enhancements mode
Select your option: 
Enchancements mode successfuly enabled
Main Menu:
  1.Display Items
  2.Purchase Items
  3.Save and Exit
Administrator-Only Menu:
  4.Add Item
  5.Remove Item
  6.Display Coins
  7.Reset Stock
  8.Reset Coins
  9.Abort Program
Or enter 'e' to enable enhancements mode
'help' to get help on choices
Select your option: 

Items Menu
----------
ID   |Name                                     | Available | Price  
--------------------------------------------------------------------
I0001|Meat Pie                                 |50         |$3 .50
I0002|Apple Pie                                |20         |$3 .00
I0003|Lemon Cheesecake                         |10         |$4 .00
I0004|Lemon Meringue Pie                       |20         |$3 .00
I0005|Lemon Tart                               |12         |$3 .75

Main Menu:
  1.Display Items
  2.Purchase Items
  3.Save and Exit
Administrator-Only Menu:
  4.Add Item
  5.Remove Item
  6.Display Coins
  7.Reset Stock
  8.Reset Coins
  9.Abort Program
Or enter 'e' to enable enhancements mode
'help' to get help on choices
Select your option: 
Enter the item id to remove from the menu: 
"I0003 - Lemon Cheesecake - A delicious, 1/8 size slice of cheesecake" has now removed from the system.
Main Menu:
  1.Display Items
  2.Purchase Items
  3.Save and Exit
Administrator-Only Menu:
  4.Add Item
  5.Remove Item
  6.Display Coins
  7.Reset Stock
  8.Reset Coins
  9.Abort Program
Or enter 'e' to enable enhancements mode
'help' to get help on choices
Select your option: 

Items Menu
----------
ID   |Name                                     | Available | Price  
--------------------------------------------------------------------
I0001|Meat Pie                                 |50         |$3 .50
I0002|Apple Pie                                |20         |$3 .00
I0004|Lemon Meringue Pie                       |20         |$3 .00
I0005|Lemon Tart                               |12         |$3 .75

Main Menu:
  1.Display Items
  2.Purchase Items
  3.Save and Exit
Administrator-Only Menu:
  4.Add Item
  5.Remove Item
  6.Display Coins
  7.Reset Stock
  8.Reset Coins
  9.Abort Program
Or enter 'e' to enable enhancements mode
'help' to get help on choices
Select your option: 
THE PROGRAM HAS BEEN ABORTED
