Main Menu:
  1.Display Items
  2.Purchase Items
  3.Save and Exit
Administrator-Only Menu:
  4.Add Item
  5.Remove Item
  6.Display Coins
  7.Reset Stock
  8.Reset Coins
  9.Abort Program
Or enter 'e' to enable enhancements mode
Select your option: 
Enchancements mode successfuly enabled
Main Menu:
  1.Display Items
  2.Purchase Items
  3.Save and Exit
Administrator-Only Menu:
  4.Add Item
  5.Remove Item
  6.Display Coins
  7.Reset Stock
  8.Reset Coins
  9.Abort Program
Or enter 'e' to enable enhancements mode
'help' to get help on choices
Select your option: 
All stock has been reset to the default level of 20
Main Menu:
  1.Display Items
  2.Purchase Items
  3.Save and Exit
Administrator-Only Menu:
  4.Add Item
  5.Remove Item
  6.Display Coins
  7.Reset Stock
  8.Reset Coins
  9.Abort Program
Or enter 'e' to enable enhancements mode
'help' to get help on choices
Select your option: 
All coins has been reset to the default level of 20

Main Menu:
  1.Display Items
  2.Purchase Items
  3.Save and Exit
Administrator-Only Menu:
  4.Add Item
  5.Remove Item
  6.Display Coins
  7.Reset Stock
  8.Reset Coins
  9.Abort Program
Or enter 'e' to enable enhancements mode
'help' to get help on choices
Select your option: 
