Main Menu:
  1.Display Items
  2.Purchase Items
  3.Save and Exit
Administrator-Only Menu:
  4.Add Item
  5.Remove Item
  6.Display Coins
  7.Reset Stock
  8.Reset Coins
  9.Abort Program
Or enter 'e' to enable enhancements mode
Select your option: 
Enchancements mode successfuly enabled
Main Menu:
  1.Display Items
  2.Purchase Items
  3.Save and Exit
Administrator-Only Menu:
  4.Add Item
  5.Remove Item
  6.Display Coins
  7.Reset Stock
  8.Reset Coins
  9.Abort Program
Or enter 'e' to enable enhancements mode
'help' to get help on choices
Select your option: 
Please enter a number from 1 to 9 for the dedicated action
Main Menu:
  1.Display Items
  2.Purchase Items
  3.Save and Exit
Administrator-Only Menu:
  4.Add Item
  5.Remove Item
  6.Display Coins
  7.Reset Stock
  8.Reset Coins
  9.Abort Program
Or enter 'e' to enable enhancements mode
'help' to get help on choices
Select your option: 
Purchase Item
-------------
Please enter the id of the item you wish to purchase: 
You have selected "Delicious Stewed Apple in a Yummy Pastry envelope". This will cost you $ 3.000000.
Please hand over the money - type in the value of each note/coin in cents.
Press enter or ctrl-d on a new line to cancel this purchase:
You still need to give us $3.000000 :
Error: $123 is not a valid denomination of money. The input should be a number representing cents such as 500 = $5 etc. .Please try again.
You still need to give us $3.000000 :
Here is your Apple Pie and your change of $ 2.000000: $2
Main Menu:
  1.Display Items
  2.Purchase Items
  3.Save and Exit
Administrator-Only Menu:
  4.Add Item
  5.Remove Item
  6.Display Coins
  7.Reset Stock
  8.Reset Coins
  9.Abort Program
Or enter 'e' to enable enhancements mode
'help' to get help on choices
Select your option: 
THE PROGRAM HAS BEEN ABORTED
