Main Menu:
    1.Display Items
    2.Purchase Items
    3.Save and Exit
Administrator-Only Menu:
    4.Add Item
    5.Remove Item
    6.Display Coins
    7.Reset Stock
    8.Reset Coins
    9.Abort Program
Select your option (1-9):

The id of the new stock will be: I0006
Enter the item name: 
Enter the item description: 
Enter the price for the item: 
This item "Baklava - rich, sweet pastry made of layers of filo filled with chopped nuts and sweetened and held together with syrup or honey." has now been added to the menu.

All stock has been reset to the default level of 10

Items Menu
----------
ID   |Name                                    | Available | Price
-------------------------------------------------------------------
I0002|Apple Pie                               |10         |$ 3.00
I0006|Baklava                                 |10         |$ 8.00
I0003|Lemon Cheesecake                        |10         |$ 4.00
I0004|Lemon Meringue Pie                      |10         |$ 3.00
I0005|Lemon Tart                              |10         |$ 3.75
I0001|Meat Pie                                |10         |$ 3.50

Enter the item id of the item to remove from the menu: 
"I0006 - Baklava - rich, sweet pastry made of layers of filo filled with chopped nuts and sweetened and held together with syrup or honey." has been removed from the system.