Main Menu:
    1.Display Items
    2.Purchase Items
    3.Save and Exit
Administrator-Only Menu:
    4.Add Item
    5.Remove Item
    6.Display Coins
    7.Reset Stock
    8.Reset Coins
    9.Abort Program
Select your option (1-9):

Coins Summary
-------------
Denomination    |    Count
---------------------------
5 Cents         |        20
10 Cents        |        40
20 Cents        |         3
50 Cents        |         1
1 Dollar        |        28
2 Dollar        |        16
5 Dollar        |         2
10 Dollar       |         5

Main Menu:
    1.Display Items
    2.Purchase Items
    3.Save and Exit
Administrator-Only Menu:
    4.Add Item
    5.Remove Item
    6.Display Coins
    7.Reset Stock
    8.Reset Coins
    9.Abort Program
Select your option (1-9):

All coins have been reset to the default level of 10

Main Menu:
    1.Display Items
    2.Purchase Items
    3.Save and Exit
Administrator-Only Menu:
    4.Add Item
    5.Remove Item
    6.Display Coins
    7.Reset Stock
    8.Reset Coins
    9.Abort Program
Select your option (1-9):

Coins Summary
-------------
Denomination    |    Count
---------------------------
5 Cents         |        10
10 Cents        |        10
20 Cents        |        10
50 Cents        |        10
1 Dollar        |        10
2 Dollar        |        10
5 Dollar        |        10
10 Dollar       |        10

Main Menu:
    1.Display Items
    2.Purchase Items
    3.Save and Exit
Administrator-Only Menu:
    4.Add Item
    5.Remove Item
    6.Display Coins
    7.Reset Stock
    8.Reset Coins
    9.Abort Program
Select your option (1-9):