Main Menu:
  1.Display Items
  2.Purchase Items
  3.Save and Exit
Administrator-Only Menu:
  4.Add Item
  5.Remove Item
  6.Display Coins
  7.Reset Stock
  8.Reset Coins
  9.Abort Program
Select your option (1-9): 

Items Menu
----------
ID   |Name                                     | Available | Price  
--------------------------------------------------------------------
I0001|Meat Pie                                 |50         |$30.50

I0002|Apple Pie                                |20         |$30.00

I0003|Lemon Cheesecake                         |10         |$40.00

I0004|Lemon Meringue Pie                       |20         |$30.00

I0005|Lemon Tart                               |12         |$30.75

Main Menu:
  1.Display Items
  2.Purchase Items
  3.Save and Exit
Administrator-Only Menu:
  4.Add Item
  5.Remove Item
  6.Display Coins
  7.Reset Stock
  8.Reset Coins
  9.Abort Program
Select your option (1-9): 
THE PROGRAM HAS BEEN ABORTED
